This is TeX, Version 3.14159 (Web2C 7.3.1) (format=latex 2002.4.12)  3 APR 2003 14:04
**\nonstopmode\input Taller2.ltx
(Taller2.ltx (/usr/share/texmf/tex/latex/base/article.cls
Document Class: article 2000/05/19 v1.4b Standard LaTeX document class
(/usr/share/texmf/tex/latex/base/size12.clo
File: size12.clo 2000/05/19 v1.4b Standard LaTeX file (size option)
)
\c@part=\count79
\c@section=\count80
\c@subsection=\count81
\c@subsubsection=\count82
\c@paragraph=\count83
\c@subparagraph=\count84
\c@figure=\count85
\c@table=\count86
\abovecaptionskip=\skip41
\belowcaptionskip=\skip42
\bibindent=\dimen102
)
(/usr/share/texmf/tex/generic/babel/babel.sty
Package: babel 2001/03/01 v3.7h The Babel package

(/usr/share/texmf/tex/generic/babel/spanish.ldf
Language: spanish.ldf 2001/01/30 v4.1c Spanish support from the babel system

(/usr/share/texmf/tex/generic/babel/babel.def
File: babel.def 2001/03/01 v3.7h Babel common definitions
\babel@savecnt=\count87
\U@D=\dimen103
)

Package babel Warning: No hyphenation patterns were loaded for
(babel)                the language `Spanish'
(babel)                I will use the patterns loaded for \language=0 instead.

\l@spanish = a dialect from \language0
\es@quottoks=\toks14
\es@quotdepth=\count88
Package babel Info: Making . an active character on input line 464.
Package babel Info: Making " an active character on input line 495.
Package babel Info: Making < an active character on input line 581.
Package babel Info: Making > an active character on input line 582.
)) (/usr/share/texmf/tex/latex/html/url.sty
Package: url 1999/03/02  ver 1.4  Verb mode for urls, email addresses, and file
 names
)
(/usr/share/texmf/tex/latex/base/inputenc.sty
Package: inputenc 2000/07/01 v0.996 Input encoding file 

(/usr/share/texmf/tex/latex/base/latin1.def
File: latin1.def 2000/07/01 v0.996 Input encoding file 
))
No file Taller2.aux.
\openout1 = `Taller2.aux'.

LaTeX Font Info:    Checking defaults for OML/cmm/m/it on input line 7.
LaTeX Font Info:    ... okay on input line 7.
LaTeX Font Info:    Checking defaults for T1/cmr/m/n on input line 7.
LaTeX Font Info:    ... okay on input line 7.
LaTeX Font Info:    Checking defaults for OT1/cmr/m/n on input line 7.
LaTeX Font Info:    ... okay on input line 7.
LaTeX Font Info:    Checking defaults for OMS/cmsy/m/n on input line 7.
LaTeX Font Info:    ... okay on input line 7.
LaTeX Font Info:    Checking defaults for OMX/cmex/m/n on input line 7.
LaTeX Font Info:    ... okay on input line 7.
LaTeX Font Info:    Checking defaults for U/cmr/m/n on input line 7.
LaTeX Font Info:    ... okay on input line 7.
LaTeX Font Info:    External font `cmex10' loaded for size
(Font)              <14.4> on input line 8.
LaTeX Font Info:    External font `cmex10' loaded for size
(Font)              <7> on input line 8.
! Missing $ inserted.
<inserted text> 
                $
l.61 \end{verbatim}
                   
I've inserted a begin-math/end-math symbol since I think
you left one out. Proceed, with fingers crossed.

LaTeX Font Info:    External font `cmex10' loaded for size
(Font)              <12> on input line 61.
LaTeX Font Info:    External font `cmex10' loaded for size
(Font)              <8> on input line 61.
LaTeX Font Info:    External font `cmex10' loaded for size
(Font)              <6> on input line 61.
! Extra }, or forgotten $.
\maththreesuperior ->{^3}
                         
l.61 \end{verbatim}
                   
I've deleted a group-closing symbol because it seems to be
spurious, as in `$x}$'. But perhaps the } is legitimate and
you forgot something else, as in `\hbox{$x}'. In such cases
the way to recover is to insert both the forgotten and the
deleted material, e.g., by typing `I$}'.


LaTeX Warning: Command \~ invalid in math mode on input line 61.

! Please use \mathaccent for accents in math mode.
\add@accent ...@spacefactor \spacefactor }\accent 
                                                  #1 #2\egroup \spacefactor ...
l.61 \end{verbatim}
                   
I'm changing \accent to \mathaccent here; wish me luck.
(Accents are not the same in formulas as they are in text.)

! You can't use `\spacefactor' in math mode.
\add@accent ...}\accent #1 #2\egroup \spacefactor 
                                                  \accent@spacefactor 
l.61 \end{verbatim}
                   
Sorry, but I'm not programmed to handle this case;
I'll just pretend that you didn't ask for it.
If you're in the wrong mode, you might be able to
return to the right one by typing `I}' or `I$' or `I\par'.

! You can't use `\spacefactor' in math mode.
<argument> ...6}{A}\bbl@allowhyphens \spacefactor 
                                                  \sfcode `A 
l.61 \end{verbatim}
                   
Sorry, but I'm not programmed to handle this case;
I'll just pretend that you didn't ask for it.
If you're in the wrong mode, you might be able to
return to the right one by typing `I}' or `I$' or `I\par'.

! Missing number, treated as zero.
<to be read again> 
                   \discretionary 
l.61 \end{verbatim}
                   
A number should have been here; I inserted `0'.
(If you can't figure out why I needed to see a number,
look up `weird error' in the index to The TeXbook.)

! Missing $ inserted.
<inserted text> 
                $
l.61 \end{verbatim}
                   
I've inserted a begin-math/end-math symbol since I think
you left one out. Proceed, with fingers crossed.

Missing character: There is no ç in font cmex10!

Overfull \hbox (122.52525pt too wide) in paragraph at lines 61--61
[]\OT1/cmtt/m/n/12 20:      System.err.println("Usage: java MulticastSniffer mu
lticast_address port");[] 
 []

[1

]
Overfull \hbox (23.7252pt too wide) in paragraph at lines 61--61
[]\OT1/cmtt/m/n/12 33:  DatagramPacket dp = new DatagramPacket(buffer, buffer.l
ength);[] 
 []

! Missing } inserted.
<inserted text> 
                }
l.61 \end{verbatim}
                   
I've inserted something that you may have forgotten.
(See the <inserted text> above.)
With luck, this will get me unwedged. But if you
really didn't forget anything, try typing `2' now; then
my insertion and my current dilemma will both disappear.


Overfull \hbox (11.3752pt too wide) in paragraph at lines 62--63
$\OT1/cmtt/m/n/12 http : / / dis . eafit . edu . co / cursos / st059 / 2003 / 1
 / 032 / Talleres / Taller2 /
 []

[2] [3]
Overfull \hbox (36.07521pt too wide) in paragraph at lines 160--160
[]\OT1/cmtt/m/n/12 57:      System.err.println("Usage: java ChatMulticast2 madd
r port");[] 
 []


Overfull \hbox (48.42522pt too wide) in paragraph at lines 160--160
[]\OT1/cmtt/m/n/12 69:      new Thread(new ChatMulticast2Helper(ms, group, port
)).start();[] 
 []


Overfull \hbox (23.7252pt too wide) in paragraph at lines 160--160
[]\OT1/cmtt/m/n/12 71:      DatagramPacket dp = new DatagramPacket(data, data.l
ength);[] 
 []

[4]
Overfull \hbox (11.3752pt too wide) in paragraph at lines 161--162
$\OT1/cmtt/m/n/12 http : / / dis . eafit . edu . co / cursos / st059 / 2003 / 1
 / 032 / Talleres / Taller2 /
 []

[5] (Taller2.aux) ) 
Here is how much of TeX's memory you used:
 809 strings out of 20887
 8958 string characters out of 196274
 61183 words of memory out of 350001
 3797 multiletter control sequences out of 10000+15000
 8363 words of font info for 30 fonts, out of 400000 for 1000
 14 hyphenation exceptions out of 10000
 24i,6n,25p,182b,322s stack positions out of 3000i,100n,1500p,50000b,4000s

Output written on Taller2.dvi (5 pages, 5544 bytes).
